                          === Hi, Please don't take my code too seriously ===
                          ===  I mean, I'm not. I am writing this in PHP  ===
                          ===                   Cat art                   ===

                         ████                                            ████
                       ██▓▓▓▓████                                    ████▓▓▓▓██
                       ██▓▓▓▓▓▓▓▓████                            ████▓▓▓▓▓▓▓▓██
                       ██▓▓██████▓▓▓▓██                        ██▓▓▓▓██████▓▓██
                       ██▓▓██    ██▓▓▓▓▓▓  ▓▓▓▓██████▒▒████  ██▓▓▓▓██░░░░██▓▓██
                       ██▓▓██    ░░██▓▓▓▓██▒▒▒▒▒▒▒▒▒▒▒▒▒▒▒▒██▓▓▓▓██░░    ██▓▓██
                       ██▓▓▓▓▓▓  ░░░░██▓▓▓▓▓▓██▒▒▒▒▒▒▒▒▓▓██▓▓▓▓██░░░░  ▓▓▓▓▓▓██
                         ██▓▓██░░░░░░██▓▓▓▓▓▓▓▓████████▓▓▓▓▓▓▓▓██░░░░░░██▓▓██
                         ██▓▓██░░████▓▓▓▓▓▓▓▓▓▓▓▓▓▓▓▓▓▓▓▓▓▓▓▓▓▓▓▓████░░██▓▓██
                       ██▒▒██▓▓██▓▓▓▓▓▓████████████████████████▓▓▓▓▓▓██▓▓██▒▒██
                     ██▒▒▒▒██▓▓▓▓▓▓████▒▒▒▒▒▒▒▒▒▒▒▒▒▒▒▒▒▒▒▒▒▒▒▒████▓▓▓▓▓▓██▒▒▒▒██
                     ██▒▒▒▒██▓▓████▒▒▒▒▒▒▒▒▒▒▒▒▒▒▒▒▒▒▒▒▒▒▒▒▒▒▒▒▒▒▒▒████▓▓██▒▒▒▒██
                   ██▒▒▒▒██▓▓██▒▒▒▒▒▒▒▒▒▒▒▒▒▒▒▒▒▒▒▒▒▒▒▒▒▒▒▒▒▒▒▒▒▒▒▒▒▒▒▒██▓▓██▒▒▒▒██
                   ██▒▒██▓▓██▒▒▒▒▒▒▒▒▒▒▒▒▒▒▒▒▒▒▒▒▒▒▒▒▒▒▒▒▒▒▒▒▒▒▒▒▒▒▒▒▒▒▒▒██▓▓██▒▒██
                 ██▒▒▒▒██▓▓██▒▒▒▒▒▒▒▒▒▒▒▒▒▒▒▒▒▒▒▒▒▒▒▒▒▒▒▒▒▒▒▒▒▒▒▒▒▒▒▒▒▒▒▒██▓▓██▒▒▒▒██
                 ██▒▒██▓▓██▒▒▒▒▒▒▒▒▒▒▒▒▒▒▒▒▒▒▒▒▒▒▒▒▒▒▒▒▒▒▒▒▒▒▒▒▒▒▒▒▒▒▒▒▒▒▒▒██▓▓██▒▒██
                 ██▒▒██▓▓██▒▒▒▒██▒▒▒▒▒▒▒▒▒▒▒▒░░▒▒▒▒▒▒▒▒▒▒▒▒██▒▒▒▒▒▒▒▒▒▒▒▒▒▒██▓▓██▒▒██
               ██▒▒▒▒▒▒██▒▒▒▒▒▒██▒▒▒▒▒▒░░▒▒██▒▒▒▒▒▒▒▒▒▒▒▒██░░██▒▒▒▒▒▒▒▒▒▒▒▒▒▒██▒▒▒▒▒▒██
               ██▒▒▒▒▒▒▒▒▒▒▒▒▒▒██▒▒▒▒▒▒▒▒▒▒██▒▒▒▒▒▒▒▒▒▒▒▒██░░░░██▒▒▒▒▒▒▒▒▒▒▒▒▒▒▒▒▒▒▒▒██
               ██▒▒▒▒▒▒▒▒▒▒▒▒▒▒██▒▒▒▒▒▒▒▒██░░██▒▒▒▒▒▒▒▒██░░░░░░██▒▒▒▒▒▒▒▒▒▒▒▒▒▒▒▒▒▒▒▒██
               ██▒▒▒▒▒▒▒▒░░▒▒██▒▒▒▒▒▒▒▒██░░░░██▒▒▒▒▒▒██░░░░░░░░██▒▒▒▒▒▒▒▒▒▒▒▒▒▒▒▒▒▒▒▒██
               ██▒▒▒▒▒▒▒▒▒▒▒▒██▒▒▒▒▒▒██▒▒▒▒░░██▒▒▒▒██░░░░░░▒▒▒▒██▒▒▒▒▒▒▒▒▒▒▒▒▒▒▒▒▒▒▒▒██
               ██▒▒▒▒▒▒▒▒▒▒██▒▒▒▒████░░░░░░██▒▒████░░░░░░▒▒░░░░██████▒▒▒▒▒▒▒▒▒▒▒▒▒▒▒▒██
                 ██▒▒▒▒▒▒▒▒██████░░░░░░▒▒░░████▒▒░░░░░░░░░░▒▒░░▒▒░░░░██▒▒▒▒▒▒▒▒▒▒▒▒▒▒▒▒██
                 ██▒▒▒▒██▓▓▒▒▓▓██░░██████░░▒▒░░░░░░░░  ░░  ░░██████▒▒██▒▒▒▒▒▒▒▒▒▒▒▒▒▒▒▒██
                 ██▒▒▒▒██▒▒▓▓▓▓██▓▓░░██▓▓▓▓░░░░░░░░░░  ░░░░▓▓▓▓██░░████▒▒▒▒▒▒▒▒▒▒▒▒▒▒▒▒▒▒██
               ██▒▒▒▒▒▒██▒▒▒▒▒▒██  ██  ▓▓▓▓██            ██  ▓▓▓▓██  ██▒▒▒▒▒▒▒▒▒▒▒▒▒▒▒▒▒▒▒▒████
             ▓▓▒▒▒▒▒▒▒▒██▒▒▒▒▒▒██  ██▒▒▓▓▒▒██            ██▒▒▓▓▒▒██  ██▒▒▒▒▒▒▒▒▒▒▒▒▒▒▒▒▒▒████
           ████████▒▒▒▒▒▒██▒▒▒▒████  ██▒▒▒▒██            ██▒▒▒▒██  ████▒▒▒▒▒▒▒▒▒▒▒▒▒▒▒▒██
                 ██▒▒▒▒▒▒██▒▒▒▒██░░▓▓████▓▓░░            ░░██████▓▓░░██▒▒▒▒▒▒▒▒▒▒▒▒██▒▒▒▒▓▓██▓▓██
   ██          ██▒▒▒▒▒▒▒▒██▒▒▒▒██░░░░                            ░░░░██▒▒▒▒▒▒▒▒▒▒▒▒▒▒██▒▒▒▒▒▒▒▒██
   ████      ██▒▒▒▒▒▒▒▒▒▒▒▒▒▒▒▒▒▒██  ░░░░        ░░░░        ░░░░  ██▒▒▒▒▒▒▒▒▒▒▒▒▒▒▒▒▒▒████████
   ██▒▒██████▒▒▒▒▒▒██▒▒▒▒▒▒▒▒▒▒▒▒██                                ██▒▒▒▒▒▒▒▒▒▒▒▒██▒▒▒▒▒▒████
     ██▒▒▒▒▒▒▒▒▒▒▒▒██▒▒▒▒▒▒▒▒▒▒▒▒▒▒██          ▒▒    ▒▒          ██▒▒▒▒▒▒▒▒██▒▒▒▒▒▒████▒▒▒▒▒▒██████
       ████▒▒▒▒████▒▒▒▒▒▒▒▒▒▒▒▒▒▒▒▒▒▒██          ▒▒▒▒          ██▒▒▒▒▒▒▒▒▒▒██▒▒▒▒▒▒██  ██████████
           ████▒▒▒▒▒▒▒▒▒▒▒▒▒▒▒▒▒▒▒▒▒▒▒▒██        ░░░░        ██▒▒▒▒▒▒▒▒██▒▒▒▒██▒▒▒▒▒▒██
   ██▓▓▓▓▓▓▒▒▒▒▒▒▒▒▒▒▒▒▒▒▒▒▒▒▒▒▒▒▒▒▒▒▒▒██▓▓                ████▒▒▒▒▒▒▒▒██▒▒▒▒████▒▒▒▒▒▒▓▓
     ████▒▒▒▒▒▒▒▒████▒▒▒▒▒▒██▒▒▒▒▒▒▒▒▒▒██░░████        ████░░██▒▒▒▒▒▒▒▒██▒▒▒▒██  ████▒▒▒▒██
       ░░████████  ██▒▒▒▒▒▒██▒▒▒▒▒▒▒▒▒▒██░░░░░░▓▓████▓▓▒▒░░░░██▒▒▒▒▒▒▒▒▒▒██▒▒██      ██████
                   ██▒▒▒▒▒▒██▒▒▒▒▒▒▒▒▒▒██░░░░░░░░░░░░░░░░░░░░██▒▒▒▒▒▒▒▒▒▒▒▒██▒▒██
                   ██▒▒▒▒██  ██▒▒▒▒▒▒██░░░░░░░░░░░░░░░░░░░░░░░░██▒▒▒▒▒▒▒▒██  ██████
                   ██▒▒▒▒██    ▓▓████░░░░░░░░░░░░░░░░░░░░░░░░░░░░██████▒▒██
                 ██▒▒▒▒██  ████▓▓██░░░░░░░░░░░░░░░░░░░░░░░░░░░░░░░░██▓▓████
               ▓▓▒▒▒▒████▓▓░░██▓▓██░░░░░░░░░░░░░░░░░░░░░░░░░░░░░░░░██▓▓██░░██▓▓██
                 ████      ░░██▓▓████░░░░░░░░░░░░░░░░░░░░░░░░░░░░████▓▓██░░      ████
               ██          ░░██▓▓██░░████████░░░░░░░░░░░░████████░░██▓▓██░░          ██
             ██          ░░░░██▓▓▓▓██░░      ████░░░░████      ░░██▓▓▓▓██░░░░          ██
             ██        ░░░░██▓▓▓▓▓▓██░░                        ░░██▓▓▓▓▓▓██░░░░        ██
                                     ░░  ░░░░            ░░    ░░░░░░      ░░
=== Day6 - RunA ===
Result: 362346
Executed in: 0.00038

=== Day6 - RunB ===
Result: 1639643057051
Executed in: 0.000208

